Library/Bee/Android/Prj/IL2CPP/Gradle/launcher/build/intermediates/manifest_merge_blame_file/release/manifest-merger-blame-release-report.txt
1<?xml version="1.0" encoding="utf-8"?>
2<manifest xmlns:android="http://schemas.android.com/apk/res/android"
3    package="com.DefaultCompany.VRFireextinguisherpro"
4    android:installLocation="preferExternal"
5    android:versionCode="1"
6    android:versionName="0.1" >
7
8    <uses-sdk
9        android:minSdkVersion="24"
9-->src\main\AndroidManifest.xml
10        android:targetSdkVersion="33" />
10-->src\main\AndroidManifest.xml
11
12    <supports-screens
12-->src\main\AndroidManifest.xml:3:3-163
13        android:anyDensity="true"
13-->src\main\AndroidManifest.xml:3:135-160
14        android:largeScreens="true"
14-->src\main\AndroidManifest.xml:3:78-105
15        android:normalScreens="true"
15-->src\main\AndroidManifest.xml:3:49-77
16        android:smallScreens="true"
16-->src\main\AndroidManifest.xml:3:21-48
17        android:xlargeScreens="true" />
17-->src\main\AndroidManifest.xml:3:106-134
18
19    <uses-feature android:glEsVersion="0x00030000" />
19-->[:unityLibrary] AndroidManifest.xml:13:5-54
19-->[:unityLibrary] AndroidManifest.xml:13:19-51
20    <uses-feature
20-->[:unityLibrary] AndroidManifest.xml:14:5-16:36
21        android:name="android.hardware.vulkan.version"
21-->[:unityLibrary] AndroidManifest.xml:15:9-55
22        android:required="false" />
22-->[:unityLibrary] AndroidManifest.xml:16:9-33
23
24    <uses-permission android:name="android.permission.INTERNET" />
24-->[:unityLibrary] AndroidManifest.xml:18:5-67
24-->[:unityLibrary] AndroidManifest.xml:18:22-64
25
26    <uses-feature
26-->[:unityLibrary] AndroidManifest.xml:20:5-22:36
27        android:name="android.hardware.sensor.accelerometer"
27-->[:unityLibrary] AndroidManifest.xml:21:9-61
28        android:required="false" />
28-->[:unityLibrary] AndroidManifest.xml:22:9-33
29    <uses-feature
29-->[:unityLibrary] AndroidManifest.xml:23:5-25:36
30        android:name="android.hardware.touchscreen"
30-->[:unityLibrary] AndroidManifest.xml:24:9-52
31        android:required="false" />
31-->[:unityLibrary] AndroidManifest.xml:25:9-33
32    <uses-feature
32-->[:unityLibrary] AndroidManifest.xml:26:5-28:36
33        android:name="android.hardware.touchscreen.multitouch"
33-->[:unityLibrary] AndroidManifest.xml:27:9-63
34        android:required="false" />
34-->[:unityLibrary] AndroidManifest.xml:28:9-33
35    <uses-feature
35-->[:unityLibrary] AndroidManifest.xml:29:5-31:36
36        android:name="android.hardware.touchscreen.multitouch.distinct"
36-->[:unityLibrary] AndroidManifest.xml:30:9-72
37        android:required="false" />
37-->[:unityLibrary] AndroidManifest.xml:31:9-33
38    <uses-feature
38-->[:unityLibrary] AndroidManifest.xml:32:5-35:31
39        android:name="android.hardware.vr.headtracking"
39-->[:unityLibrary] AndroidManifest.xml:33:9-56
40        android:required="true"
40-->[:unityLibrary] AndroidManifest.xml:34:9-32
41        android:version="1" />
41-->[:unityLibrary] AndroidManifest.xml:35:9-28
42
43    <application
43-->src\main\AndroidManifest.xml:4:3-83
44        android:extractNativeLibs="true"
44-->[:unityLibrary] AndroidManifest.xml:37:18-50
45        android:icon="@mipmap/app_icon"
45-->src\main\AndroidManifest.xml:4:49-80
46        android:label="@string/app_name" >
46-->src\main\AndroidManifest.xml:4:16-48
47        <activity
47-->[:unityLibrary] AndroidManifest.xml:38:9-63:20
48            android:name="com.unity3d.player.UnityPlayerActivity"
48-->[:unityLibrary] AndroidManifest.xml:39:13-66
49            android:configChanges="keyboard|keyboardHidden|navigation|orientation|screenLayout|screenSize|uiMode|density"
49-->[:unityLibrary] AndroidManifest.xml:40:13-122
50            android:exported="true"
50-->[:unityLibrary] AndroidManifest.xml:41:13-36
51            android:hardwareAccelerated="false"
51-->[:unityLibrary] AndroidManifest.xml:42:13-48
52            android:launchMode="singleTask"
52-->[:unityLibrary] AndroidManifest.xml:43:13-44
53            android:resizeableActivity="false"
53-->[:unityLibrary] AndroidManifest.xml:44:13-47
54            android:screenOrientation="landscape"
54-->[:unityLibrary] AndroidManifest.xml:45:13-50
55            android:theme="@android:style/Theme.Black.NoTitleBar.Fullscreen" >
55-->[:unityLibrary] AndroidManifest.xml:46:13-77
56            <intent-filter>
56-->[:unityLibrary] AndroidManifest.xml:47:13-52:29
57                <action android:name="android.intent.action.MAIN" />
57-->[:unityLibrary] AndroidManifest.xml:48:17-69
57-->[:unityLibrary] AndroidManifest.xml:48:25-66
58
59                <category android:name="android.intent.category.LAUNCHER" />
59-->[:unityLibrary] AndroidManifest.xml:50:17-77
59-->[:unityLibrary] AndroidManifest.xml:50:27-74
60                <category android:name="com.oculus.intent.category.VR" />
60-->[:unityLibrary] AndroidManifest.xml:51:17-74
60-->[:unityLibrary] AndroidManifest.xml:51:27-71
61            </intent-filter>
62
63            <meta-data
63-->[:unityLibrary] AndroidManifest.xml:54:13-56:40
64                android:name="unityplayer.UnityActivity"
64-->[:unityLibrary] AndroidManifest.xml:55:17-57
65                android:value="true" />
65-->[:unityLibrary] AndroidManifest.xml:56:17-37
66            <meta-data
66-->[:unityLibrary] AndroidManifest.xml:57:13-59:40
67                android:name="android.notch_support"
67-->[:unityLibrary] AndroidManifest.xml:58:17-53
68                android:value="true" />
68-->[:unityLibrary] AndroidManifest.xml:59:17-37
69            <meta-data
69-->[:unityLibrary] AndroidManifest.xml:60:13-62:40
70                android:name="com.oculus.vr.focusaware"
70-->[:unityLibrary] AndroidManifest.xml:61:17-56
71                android:value="true" />
71-->[:unityLibrary] AndroidManifest.xml:62:17-37
72        </activity>
73
74        <meta-data
74-->[:unityLibrary] AndroidManifest.xml:65:9-67:33
75            android:name="unity.splash-mode"
75-->[:unityLibrary] AndroidManifest.xml:66:13-45
76            android:value="0" />
76-->[:unityLibrary] AndroidManifest.xml:67:13-30
77        <meta-data
77-->[:unityLibrary] AndroidManifest.xml:68:9-70:36
78            android:name="unity.splash-enable"
78-->[:unityLibrary] AndroidManifest.xml:69:13-47
79            android:value="True" />
79-->[:unityLibrary] AndroidManifest.xml:70:13-33
80        <meta-data
80-->[:unityLibrary] AndroidManifest.xml:71:9-73:36
81            android:name="unity.launch-fullscreen"
81-->[:unityLibrary] AndroidManifest.xml:72:13-51
82            android:value="True" />
82-->[:unityLibrary] AndroidManifest.xml:73:13-33
83        <meta-data
83-->[:unityLibrary] AndroidManifest.xml:74:9-76:37
84            android:name="unity.allow-resizable-window"
84-->[:unityLibrary] AndroidManifest.xml:75:13-56
85            android:value="False" />
85-->[:unityLibrary] AndroidManifest.xml:76:13-34
86        <meta-data
86-->[:unityLibrary] AndroidManifest.xml:77:9-79:50
87            android:name="notch.config"
87-->[:unityLibrary] AndroidManifest.xml:78:13-40
88            android:value="portrait|landscape" />
88-->[:unityLibrary] AndroidManifest.xml:79:13-47
89        <meta-data
89-->[:unityLibrary] AndroidManifest.xml:80:9-82:39
90            android:name="com.samsung.android.vr.application.mode"
90-->[:unityLibrary] AndroidManifest.xml:81:13-67
91            android:value="vr_only" />
91-->[:unityLibrary] AndroidManifest.xml:82:13-36
92        <meta-data
92-->[:unityLibrary] AndroidManifest.xml:83:9-85:37
93            android:name="com.unity.xr.oculus.LowOverheadMode"
93-->[:unityLibrary] AndroidManifest.xml:84:13-63
94            android:value="false" />
94-->[:unityLibrary] AndroidManifest.xml:85:13-34
95        <meta-data
95-->[:unityLibrary] AndroidManifest.xml:86:9-88:37
96            android:name="com.unity.xr.oculus.LateLatching"
96-->[:unityLibrary] AndroidManifest.xml:87:13-60
97            android:value="false" />
97-->[:unityLibrary] AndroidManifest.xml:88:13-34
98        <meta-data
98-->[:unityLibrary] AndroidManifest.xml:89:9-91:37
99            android:name="com.unity.xr.oculus.LateLatchingDebug"
99-->[:unityLibrary] AndroidManifest.xml:90:13-65
100            android:value="false" />
100-->[:unityLibrary] AndroidManifest.xml:91:13-34
101        <meta-data
101-->[:unityLibrary] AndroidManifest.xml:92:9-94:44
102            android:name="com.oculus.supportedDevices"
102-->[:unityLibrary] AndroidManifest.xml:93:13-55
103            android:value="quest|quest2" />
103-->[:unityLibrary] AndroidManifest.xml:94:13-41
104    </application>
105
106</manifest>